
Display status called from early in main, current x value 1 (hex 1)
Description                   Memory Address   Stored Value     Curr Val @Addr   (Hex val)
global x                      0x55c17f23f038   1                1                (0x1)

Display status called from block in main before f2 call, current x value 50 (hex 32)
Description                   Memory Address   Stored Value     Curr Val @Addr   (Hex val)
global x                      0x55c17f23f038   1                1                (0x1)
block local const x in main   0x7fff85fb0ab8   50               50               (0x32)

Display status called from start of f2, current x value 140735441210040 (hex 7fff85fb0ab8)
Description                   Memory Address   Stored Value     Curr Val @Addr   (Hex val)
f2 ptr parameter x            0x7fff85fb0a88   0x7fff85fb0ab8   0x7fff85fb0ab8   (0x7fff85fb0ab8)
global x                      0x55c17f23f038   1                1                (0x1)
block local const x in main   0x7fff85fb0ab8   50               50               (0x32)

Display status called from f2 within if block, current x value 100 (hex 64)
Description                   Memory Address   Stored Value     Curr Val @Addr   (Hex val)
f2 ptr parameter x            0x7fff85fb0a88   0x7fff85fb0ab8   0x7fff85fb0ab8   (0x7fff85fb0ab8)
f2 x local in if              0x7fff85fb0a98   100              100              (0x64)
global x                      0x55c17f23f038   1                1                (0x1)
block local const x in main   0x7fff85fb0ab8   50               50               (0x32)

Display status called from end of f2, current x value 140735441210048 (hex 7fff85fb0ac0)
Description                   Memory Address   Stored Value     Curr Val @Addr   (Hex val)
f2 ptr parameter x            0x7fff85fb0a88   0x7fff85fb0ab8   0x7fff85fb0ac0   (0x7fff85fb0ac0)
f2 x local in if              0x7fff85fb0a98   100              100              (0x64)
global x                      0x55c17f23f038   1                1                (0x1)
block local const x in main   0x7fff85fb0ab8   50               55               (0x37)

Display status called from block in main after f2 call, current x value 55 (hex 37)
Description                   Memory Address   Stored Value     Curr Val @Addr   (Hex val)
f2 ptr parameter x            0x7fff85fb0a88   0x7fff85fb0ab8   0x55c17f03d84c   (0x55c17f03d84c)
f2 x local in if              0x7fff85fb0a98   100              94289548008907   (0x55c17f03ddcb)
global x                      0x55c17f23f038   1                1                (0x1)
block local const x in main   0x7fff85fb0ab8   50               55               (0x37)

Display status called from main between f2 and f1 calls, current x value 2 (hex 2)
Description                   Memory Address   Stored Value     Curr Val @Addr   (Hex val)
f2 ptr parameter x            0x7fff85fb0a88   0x7fff85fb0ab8   0x55c17f03d84c   (0x55c17f03d84c)
f2 x local in if              0x7fff85fb0a98   100              94289548008935   (0x55c17f03dde7)
global x                      0x55c17f23f038   1                2                (0x2)
block local const x in main   0x7fff85fb0ab8   50               55               (0x37)

Display status called from early in f1, current x value 2 (hex 2)
Description                   Memory Address   Stored Value     Curr Val @Addr   (Hex val)
f1 parameter x                0x7fff85fb0a78   2                2                (0x2)
f2 ptr parameter x            0x7fff85fb0a88   0x7fff85fb0ab8   0x55c17f03dadc   (0x55c17f03dadc)
f2 x local in if              0x7fff85fb0a98   100              94289548008935   (0x55c17f03dde7)
global x                      0x55c17f23f038   1                2                (0x2)
block local const x in main   0x7fff85fb0ab8   50               55               (0x37)

Display status called from f1 inside for, before while, current x value 30 (hex 1e)
Description                   Memory Address   Stored Value     Curr Val @Addr   (Hex val)
f1 parameter x                0x7fff85fb0a78   2                20               (0x14)
f1 x local to for             0x7fff85fb0a90   30               30               (0x1e)
f2 ptr parameter x            0x7fff85fb0a88   0x7fff85fb0ab8   0x55c17f03dadc   (0x55c17f03dadc)
f2 x local in if              0x7fff85fb0a98   100              1                (0x1)
global x                      0x55c17f23f038   1                2                (0x2)
block local const x in main   0x7fff85fb0ab8   50               55               (0x37)

Display status called from f1 in while, in for, before increments, current x value 40 (hex 28)
Description                   Memory Address   Stored Value     Curr Val @Addr   (Hex val)
f1 parameter x                0x7fff85fb0a78   2                20               (0x14)
f1 x local to for             0x7fff85fb0a90   30               30               (0x1e)
f1 x local to while (in for)  0x7fff85fb0a88   40               40               (0x28)
f2 ptr parameter x            0x7fff85fb0a88   0x7fff85fb0ab8   0x28             (0x28)
f2 x local in if              0x7fff85fb0a98   100              1                (0x1)
global x                      0x55c17f23f038   1                2                (0x2)
block local const x in main   0x7fff85fb0ab8   50               55               (0x37)

Display status called from f1 in while, in for, before increments, current x value 40 (hex 28)
Description                   Memory Address   Stored Value     Curr Val @Addr   (Hex val)
f1 parameter x                0x7fff85fb0a78   2                20               (0x14)
f1 x local to for             0x7fff85fb0a90   30               30               (0x1e)
f1 x local to while (in for)  0x7fff85fb0a88   40               40               (0x28)
f2 ptr parameter x            0x7fff85fb0a88   0x7fff85fb0ab8   0x28             (0x28)
f2 x local in if              0x7fff85fb0a98   100              2                (0x2)
global x                      0x55c17f23f038   1                2                (0x2)
block local const x in main   0x7fff85fb0ab8   50               55               (0x37)

Display status called from f1 in while, in for, before increments, current x value 40 (hex 28)
Description                   Memory Address   Stored Value     Curr Val @Addr   (Hex val)
f1 parameter x                0x7fff85fb0a78   2                20               (0x14)
f1 x local to for             0x7fff85fb0a90   30               30               (0x1e)
f1 x local to while (in for)  0x7fff85fb0a88   40               40               (0x28)
f2 ptr parameter x            0x7fff85fb0a88   0x7fff85fb0ab8   0x28             (0x28)
f2 x local in if              0x7fff85fb0a98   100              3                (0x3)
global x                      0x55c17f23f038   1                2                (0x2)
block local const x in main   0x7fff85fb0ab8   50               55               (0x37)

Display status called from f1 in while, in for, before increments, current x value 40 (hex 28)
Description                   Memory Address   Stored Value     Curr Val @Addr   (Hex val)
f1 parameter x                0x7fff85fb0a78   2                20               (0x14)
f1 x local to for             0x7fff85fb0a90   30               30               (0x1e)
f1 x local to while (in for)  0x7fff85fb0a88   40               40               (0x28)
f2 ptr parameter x            0x7fff85fb0a88   0x7fff85fb0ab8   0x28             (0x28)
f2 x local in if              0x7fff85fb0a98   100              4                (0x4)
global x                      0x55c17f23f038   1                2                (0x2)
block local const x in main   0x7fff85fb0ab8   50               55               (0x37)
while loop went through 4 iterations

Display status called from f1 inside for, after while, current x value 30 (hex 1e)
Description                   Memory Address   Stored Value     Curr Val @Addr   (Hex val)
f1 parameter x                0x7fff85fb0a78   2                20               (0x14)
f1 x local to for             0x7fff85fb0a90   30               30               (0x1e)
f1 x local to while (in for)  0x7fff85fb0a88   40               41               (0x29)
f2 ptr parameter x            0x7fff85fb0a88   0x7fff85fb0ab8   0x29             (0x29)
f2 x local in if              0x7fff85fb0a98   100              5                (0x5)
global x                      0x55c17f23f038   1                2                (0x2)
block local const x in main   0x7fff85fb0ab8   50               55               (0x37)

Display status called from f1 in do-while, in for, current x value 50 (hex 32)
Description                   Memory Address   Stored Value     Curr Val @Addr   (Hex val)
f1 parameter x                0x7fff85fb0a78   2                20               (0x14)
f1 x local to for             0x7fff85fb0a90   30               30               (0x1e)
f1 x local to while (in for)  0x7fff85fb0a88   40               41               (0x29)
f1 local to do-whle (in for)  0x7fff85fb0a80   50               50               (0x32)
f2 ptr parameter x            0x7fff85fb0a88   0x7fff85fb0ab8   0x29             (0x29)
f2 x local in if              0x7fff85fb0a98   100              0                (0x0)
global x                      0x55c17f23f038   1                2                (0x2)
block local const x in main   0x7fff85fb0ab8   50               55               (0x37)

Display status called from f1 in do-while, in for, current x value 50 (hex 32)
Description                   Memory Address   Stored Value     Curr Val @Addr   (Hex val)
f1 parameter x                0x7fff85fb0a78   2                20               (0x14)
f1 x local to for             0x7fff85fb0a90   30               30               (0x1e)
f1 x local to while (in for)  0x7fff85fb0a88   40               41               (0x29)
f1 local to do-whle (in for)  0x7fff85fb0a80   50               50               (0x32)
f2 ptr parameter x            0x7fff85fb0a88   0x7fff85fb0ab8   0x29             (0x29)
f2 x local in if              0x7fff85fb0a98   100              1                (0x1)
global x                      0x55c17f23f038   1                2                (0x2)
block local const x in main   0x7fff85fb0ab8   50               55               (0x37)

Display status called from f1 inside for, after do-while, current x value 30 (hex 1e)
Description                   Memory Address   Stored Value     Curr Val @Addr   (Hex val)
f1 parameter x                0x7fff85fb0a78   2                20               (0x14)
f1 x local to for             0x7fff85fb0a90   30               30               (0x1e)
f1 x local to while (in for)  0x7fff85fb0a88   40               41               (0x29)
f1 local to do-whle (in for)  0x7fff85fb0a80   50               52               (0x34)
f2 ptr parameter x            0x7fff85fb0a88   0x7fff85fb0ab8   0x29             (0x29)
f2 x local in if              0x7fff85fb0a98   100              2                (0x2)
global x                      0x55c17f23f038   1                2                (0x2)
block local const x in main   0x7fff85fb0ab8   50               55               (0x37)

Display status called from f1 inside for, before while, current x value 30 (hex 1e)
Description                   Memory Address   Stored Value     Curr Val @Addr   (Hex val)
f1 parameter x                0x7fff85fb0a78   2                21               (0x15)
f1 x local to for             0x7fff85fb0a90   30               30               (0x1e)
f1 x local to while (in for)  0x7fff85fb0a88   40               41               (0x29)
f1 local to do-whle (in for)  0x7fff85fb0a80   50               52               (0x34)
f2 ptr parameter x            0x7fff85fb0a88   0x7fff85fb0ab8   0x29             (0x29)
f2 x local in if              0x7fff85fb0a98   100              1                (0x1)
global x                      0x55c17f23f038   1                2                (0x2)
block local const x in main   0x7fff85fb0ab8   50               55               (0x37)

Display status called from f1 in while, in for, before increments, current x value 40 (hex 28)
Description                   Memory Address   Stored Value     Curr Val @Addr   (Hex val)
f1 parameter x                0x7fff85fb0a78   2                21               (0x15)
f1 x local to for             0x7fff85fb0a90   30               30               (0x1e)
f1 x local to while (in for)  0x7fff85fb0a88   40               40               (0x28)
f1 local to do-whle (in for)  0x7fff85fb0a80   50               52               (0x34)
f2 ptr parameter x            0x7fff85fb0a88   0x7fff85fb0ab8   0x28             (0x28)
f2 x local in if              0x7fff85fb0a98   100              1                (0x1)
global x                      0x55c17f23f038   1                2                (0x2)
block local const x in main   0x7fff85fb0ab8   50               55               (0x37)

Display status called from f1 in while, in for, before increments, current x value 40 (hex 28)
Description                   Memory Address   Stored Value     Curr Val @Addr   (Hex val)
f1 parameter x                0x7fff85fb0a78   2                21               (0x15)
f1 x local to for             0x7fff85fb0a90   30               30               (0x1e)
f1 x local to while (in for)  0x7fff85fb0a88   40               40               (0x28)
f1 local to do-whle (in for)  0x7fff85fb0a80   50               52               (0x34)
f2 ptr parameter x            0x7fff85fb0a88   0x7fff85fb0ab8   0x28             (0x28)
f2 x local in if              0x7fff85fb0a98   100              2                (0x2)
global x                      0x55c17f23f038   1                2                (0x2)
block local const x in main   0x7fff85fb0ab8   50               55               (0x37)

Display status called from f1 in while, in for, before increments, current x value 40 (hex 28)
Description                   Memory Address   Stored Value     Curr Val @Addr   (Hex val)
f1 parameter x                0x7fff85fb0a78   2                21               (0x15)
f1 x local to for             0x7fff85fb0a90   30               30               (0x1e)
f1 x local to while (in for)  0x7fff85fb0a88   40               40               (0x28)
f1 local to do-whle (in for)  0x7fff85fb0a80   50               52               (0x34)
f2 ptr parameter x            0x7fff85fb0a88   0x7fff85fb0ab8   0x28             (0x28)
f2 x local in if              0x7fff85fb0a98   100              3                (0x3)
global x                      0x55c17f23f038   1                2                (0x2)
block local const x in main   0x7fff85fb0ab8   50               55               (0x37)

Display status called from f1 in while, in for, before increments, current x value 40 (hex 28)
Description                   Memory Address   Stored Value     Curr Val @Addr   (Hex val)
f1 parameter x                0x7fff85fb0a78   2                21               (0x15)
f1 x local to for             0x7fff85fb0a90   30               30               (0x1e)
f1 x local to while (in for)  0x7fff85fb0a88   40               40               (0x28)
f1 local to do-whle (in for)  0x7fff85fb0a80   50               52               (0x34)
f2 ptr parameter x            0x7fff85fb0a88   0x7fff85fb0ab8   0x28             (0x28)
f2 x local in if              0x7fff85fb0a98   100              4                (0x4)
global x                      0x55c17f23f038   1                2                (0x2)
block local const x in main   0x7fff85fb0ab8   50               55               (0x37)
while loop went through 4 iterations

Display status called from f1 inside for, after while, current x value 30 (hex 1e)
Description                   Memory Address   Stored Value     Curr Val @Addr   (Hex val)
f1 parameter x                0x7fff85fb0a78   2                21               (0x15)
f1 x local to for             0x7fff85fb0a90   30               30               (0x1e)
f1 x local to while (in for)  0x7fff85fb0a88   40               41               (0x29)
f1 local to do-whle (in for)  0x7fff85fb0a80   50               52               (0x34)
f2 ptr parameter x            0x7fff85fb0a88   0x7fff85fb0ab8   0x29             (0x29)
f2 x local in if              0x7fff85fb0a98   100              5                (0x5)
global x                      0x55c17f23f038   1                2                (0x2)
block local const x in main   0x7fff85fb0ab8   50               55               (0x37)

Display status called from f1 in do-while, in for, current x value 50 (hex 32)
Description                   Memory Address   Stored Value     Curr Val @Addr   (Hex val)
f1 parameter x                0x7fff85fb0a78   2                21               (0x15)
f1 x local to for             0x7fff85fb0a90   30               30               (0x1e)
f1 x local to while (in for)  0x7fff85fb0a88   40               41               (0x29)
f1 local to do-whle (in for)  0x7fff85fb0a80   50               50               (0x32)
f2 ptr parameter x            0x7fff85fb0a88   0x7fff85fb0ab8   0x29             (0x29)
f2 x local in if              0x7fff85fb0a98   100              0                (0x0)
global x                      0x55c17f23f038   1                2                (0x2)
block local const x in main   0x7fff85fb0ab8   50               55               (0x37)

Display status called from f1 in do-while, in for, current x value 50 (hex 32)
Description                   Memory Address   Stored Value     Curr Val @Addr   (Hex val)
f1 parameter x                0x7fff85fb0a78   2                21               (0x15)
f1 x local to for             0x7fff85fb0a90   30               30               (0x1e)
f1 x local to while (in for)  0x7fff85fb0a88   40               41               (0x29)
f1 local to do-whle (in for)  0x7fff85fb0a80   50               50               (0x32)
f2 ptr parameter x            0x7fff85fb0a88   0x7fff85fb0ab8   0x29             (0x29)
f2 x local in if              0x7fff85fb0a98   100              1                (0x1)
global x                      0x55c17f23f038   1                2                (0x2)
block local const x in main   0x7fff85fb0ab8   50               55               (0x37)

Display status called from f1 inside for, after do-while, current x value 30 (hex 1e)
Description                   Memory Address   Stored Value     Curr Val @Addr   (Hex val)
f1 parameter x                0x7fff85fb0a78   2                21               (0x15)
f1 x local to for             0x7fff85fb0a90   30               30               (0x1e)
f1 x local to while (in for)  0x7fff85fb0a88   40               41               (0x29)
f1 local to do-whle (in for)  0x7fff85fb0a80   50               52               (0x34)
f2 ptr parameter x            0x7fff85fb0a88   0x7fff85fb0ab8   0x29             (0x29)
f2 x local in if              0x7fff85fb0a98   100              2                (0x2)
global x                      0x55c17f23f038   1                2                (0x2)
block local const x in main   0x7fff85fb0ab8   50               55               (0x37)

Display status called from end of f1, current x value 22 (hex 16)
Description                   Memory Address   Stored Value     Curr Val @Addr   (Hex val)
f1 parameter x                0x7fff85fb0a78   2                22               (0x16)
f1 x local to for             0x7fff85fb0a90   30               30               (0x1e)
f1 x local to while (in for)  0x7fff85fb0a88   40               41               (0x29)
f1 local to do-whle (in for)  0x7fff85fb0a80   50               52               (0x34)
f2 ptr parameter x            0x7fff85fb0a88   0x7fff85fb0ab8   0x29             (0x29)
f2 x local in if              0x7fff85fb0a98   100              2                (0x2)
global x                      0x55c17f23f038   1                2                (0x2)
block local const x in main   0x7fff85fb0ab8   50               55               (0x37)

Display status called from end of main, current x value 2 (hex 2)
Description                   Memory Address   Stored Value     Curr Val @Addr   (Hex val)
f1 parameter x                0x7fff85fb0a78   2                22               (0x16)
f1 x local to for             0x7fff85fb0a90   30               2                (0x2)
f1 x local to while (in for)  0x7fff85fb0a88   40               94289548007664   (0x55c17f03d8f0)
f1 local to do-whle (in for)  0x7fff85fb0a80   50               52               (0x34)
f2 ptr parameter x            0x7fff85fb0a88   0x7fff85fb0ab8   0x55c17f03d994   (0x55c17f03d994)
f2 x local in if              0x7fff85fb0a98   100              94289548008964   (0x55c17f03de04)
global x                      0x55c17f23f038   1                2                (0x2)
block local const x in main   0x7fff85fb0ab8   50               55               (0x37)

